<?xml version="1.0" encoding="UTF-8"?>
<!-- Generated by org.testng.reporters.JUnitReportReporter -->
<testsuite hostname="DESKTOP-F64ONE3" failures="0" tests="1" name="BrowserHelper" time="3.942" errors="0" timestamp="2024-08-04T19:26:07 CST" skipped="0">
  <testcase classname="BrowserHelper" name="executebrowser" time="3.942"/>
  <system-out/>
</testsuite> <!-- BrowserHelper -->
