<?xml version="1.0" encoding="UTF-8"?>
<!-- Generated by org.testng.reporters.JUnitReportReporter -->
<testsuite hostname="DESKTOP-F64ONE3" failures="0" tests="1" name="CommonTest" time="7.969" errors="0" timestamp="2024-08-04T19:29:11 CST" skipped="0">
  <testcase classname="CommonTest" name="executebrowser" time="7.969"/>
  <system-out/>
</testsuite> <!-- CommonTest -->
