<?xml version="1.0" encoding="UTF-8"?>
<!-- Generated by org.testng.reporters.JUnitReportReporter -->
<testsuite hostname="DARRELL" failures="0" tests="2" name="assessment.CommonTest" time="31.135" errors="0" timestamp="2024-09-04T12:52:34 PST" skipped="0">
  <testcase classname="assessment.CommonTest" name="executebrowser" time="5.542"/>
  <system-out/>
  <testcase classname="assessment.CommonTest" name="PositiveScenario" time="25.593"/>
  <system-out/>
</testsuite> <!-- assessment.CommonTest -->
